Traceback (most recent call last):
  File "/opt/hostedtoolcache/Python/3.7.11/x64/lib/python3.7/site-packages/jupyter_cache/executors/utils.py", line 56, in single_nb_execution
    record_timing=False,
  File "/opt/hostedtoolcache/Python/3.7.11/x64/lib/python3.7/site-packages/nbclient/client.py", line 1112, in execute
    return NotebookClient(nb=nb, resources=resources, km=km, **kwargs).execute()
  File "/opt/hostedtoolcache/Python/3.7.11/x64/lib/python3.7/site-packages/nbclient/util.py", line 74, in wrapped
    return just_run(coro(*args, **kwargs))
  File "/opt/hostedtoolcache/Python/3.7.11/x64/lib/python3.7/site-packages/nbclient/util.py", line 53, in just_run
    return loop.run_until_complete(coro)
  File "/opt/hostedtoolcache/Python/3.7.11/x64/lib/python3.7/asyncio/base_events.py", line 587, in run_until_complete
    return future.result()
  File "/opt/hostedtoolcache/Python/3.7.11/x64/lib/python3.7/site-packages/nbclient/client.py", line 554, in async_execute
    cell, index, execution_count=self.code_cells_executed + 1
  File "/opt/hostedtoolcache/Python/3.7.11/x64/lib/python3.7/site-packages/nbclient/client.py", line 857, in async_execute_cell
    self._check_raise_for_error(cell, exec_reply)
  File "/opt/hostedtoolcache/Python/3.7.11/x64/lib/python3.7/site-packages/nbclient/client.py", line 760, in _check_raise_for_error
    raise CellExecutionError.from_cell_and_msg(cell, exec_reply_content)
nbclient.exceptions.CellExecutionError: An error occurred while executing the following cell:
------------------
import random

def randomise_text(button):
    

    text_list = {
        "Who is developing this technology? ": 
            ["Is everyone being properly credited and/or reimbursed for their work (if appropriate)?",
            "Is the development of this work mentally or physically harmful to those doing it?",
            "Are the people developing the technology representative of those it is being applied to?"],

        "What's the worst thing that could happen if this technology works ":
            ['perfectly?', 
             'terribly?', 
             'less well than we think?',
             'better for some communities than others?',
             'for the wrong reasons (e.g. predicting reoffending based on postcode which is a proxy for race)',
            ],

        'Who could be impacted by this work': 
            [" if it was applied in <application-area>?",
             "? Are these people involved in the creation of this research?"],

        'What data needs to be collected for this technology to be applied?': 
            ['And what happens if that data is leaked?', 
             'How would the data be created or bought?', 
            ],

        'Is there any way in which uses of this technology could ': 
            ['physically harm people?', 
             'mentally or emotionally harm people?', 
             "prevent people from gaining opportunities that they would otherwise have had access to?", 
             'give people inaccurate information?',
             'harm the environment?',
             'contribute to the climate emergency?',
            ],

            }

    i = random.randint(1,len(text_list))
#     print(i)
    return str(i)

button = widgets.Button(
    description='Randomise',
    disabled=False,
    button_style='success', # 'success', 'info', 'warning', 'danger' or ''
    tooltip='Click me',
    icon='' # (FontAwesome names without the `fa-` prefix)
)

button.on_click(randomise_text)
text = randomise_text(button)

out = widgets.interactive_output()

print(text)

display(button, text)
# display(a,b)

mylink = widgets.jslink((button, 'value'), (b, 'value'))
------------------

[0;31m---------------------------------------------------------------------------[0m
[0;31mTypeError[0m                                 Traceback (most recent call last)
[0;32m/tmp/ipykernel_1692/3484567783.py[0m in [0;36m<module>[0;34m[0m
[1;32m     53[0m [0mtext[0m [0;34m=[0m [0mrandomise_text[0m[0;34m([0m[0mbutton[0m[0;34m)[0m[0;34m[0m[0;34m[0m[0m
[1;32m     54[0m [0;34m[0m[0m
[0;32m---> 55[0;31m [0mout[0m [0;34m=[0m [0mwidgets[0m[0;34m.[0m[0minteractive_output[0m[0;34m([0m[0;34m)[0m[0;34m[0m[0;34m[0m[0m
[0m[1;32m     56[0m [0;34m[0m[0m
[1;32m     57[0m [0mprint[0m[0;34m([0m[0mtext[0m[0;34m)[0m[0;34m[0m[0;34m[0m[0m

[0;31mTypeError[0m: interactive_output() missing 2 required positional arguments: 'f' and 'controls'
TypeError: interactive_output() missing 2 required positional arguments: 'f' and 'controls'

